# JRE version: Java(TM) SE Runtime Environment (12.0.2+10) (build 12.0.2+10)
# Java VM: Java HotSpot(TM) 64-Bit Server VM (12.0.2+10, mixed mode, sharing, tiered, compressed oops, g1 gc, windows-amd64)
Heap:
 garbage-first heap   total 129024K, used 18195K [0x0000000082600000, 0x0000000100000000)
  region size 1024K, 12 young (12288K), 2 survivors (2048K)
 Metaspace       used 6944K, capacity 7239K, committed 7296K, reserved 1056768K
  class space    used 722K, capacity 871K, committed 896K, reserved 1048576K
GC Heap History (10 events):
Event: 7.941 GC heap before
{Heap before GC invocations=3 (full 0):
 garbage-first heap   total 129024K, used 83822K [0x0000000082600000, 0x0000000100000000)
  region size 1024K, 75 young (76800K), 2 survivors (2048K)
 Metaspace       used 6909K, capacity 7237K, committed 7296K, reserved 1056768K
  class space    used 720K, capacity 870K, committed 896K, reserved 1048576K
}
Event: 7.943 GC heap after
{Heap after GC invocations=4 (full 0):
 garbage-first heap   total 129024K, used 9075K [0x0000000082600000, 0x0000000100000000)
  region size 1024K, 2 young (2048K), 2 survivors (2048K)
 Metaspace       used 6909K, capacity 7237K, committed 7296K, reserved 1056768K
  class space    used 720K, capacity 870K, committed 896K, reserved 1048576K
}
Event: 10.050 GC heap before
{Heap before GC invocations=4 (full 0):
 garbage-first heap   total 129024K, used 83827K [0x0000000082600000, 0x0000000100000000)
  region size 1024K, 75 young (76800K), 2 survivors (2048K)
 Metaspace       used 6921K, capacity 7237K, committed 7296K, reserved 1056768K
  class space    used 720K, capacity 870K, committed 896K, reserved 1048576K
}
Event: 10.052 GC heap after
{Heap after GC invocations=5 (full 0):
 garbage-first heap   total 129024K, used 9030K [0x0000000082600000, 0x0000000100000000)
  region size 1024K, 2 young (2048K), 2 survivors (2048K)
 Metaspace       used 6921K, capacity 7237K, committed 7296K, reserved 1056768K
  class space    used 720K, capacity 870K, committed 896K, reserved 1048576K
}
Event: 12.142 GC heap before
{Heap before GC invocations=5 (full 0):
 garbage-first heap   total 129024K, used 83782K [0x0000000082600000, 0x0000000100000000)
  region size 1024K, 75 young (76800K), 2 survivors (2048K)
 Metaspace       used 6933K, capacity 7237K, committed 7296K, reserved 1056768K
  class space    used 720K, capacity 870K, committed 896K, reserved 1048576K
}
Event: 12.145 GC heap after
{Heap after GC invocations=6 (full 0):
 garbage-first heap   total 129024K, used 9089K [0x0000000082600000, 0x0000000100000000)
  region size 1024K, 2 young (2048K), 2 survivors (2048K)
 Metaspace       used 6933K, capacity 7237K, committed 7296K, reserved 1056768K
  class space    used 720K, capacity 870K, committed 896K, reserved 1048576K
}
Event: 14.167 GC heap before
{Heap before GC invocations=6 (full 0):
 garbage-first heap   total 129024K, used 83841K [0x0000000082600000, 0x0000000100000000)
  region size 1024K, 75 young (76800K), 2 survivors (2048K)
 Metaspace       used 6934K, capacity 7237K, committed 7296K, reserved 1056768K
  class space    used 720K, capacity 870K, committed 896K, reserved 1048576K
}
Event: 14.169 GC heap after
{Heap after GC invocations=7 (full 0):
 garbage-first heap   total 129024K, used 9034K [0x0000000082600000, 0x0000000100000000)
  region size 1024K, 2 young (2048K), 2 survivors (2048K)
 Metaspace       used 6934K, capacity 7237K, committed 7296K, reserved 1056768K
  class space    used 720K, capacity 870K, committed 896K, reserved 1048576K
}
Event: 16.247 GC heap before
{Heap before GC invocations=7 (full 0):
 garbage-first heap   total 129024K, used 83786K [0x0000000082600000, 0x0000000100000000)
  region size 1024K, 75 young (76800K), 2 survivors (2048K)
 Metaspace       used 6936K, capacity 7237K, committed 7296K, reserved 1056768K
  class space    used 721K, capacity 870K, committed 896K, reserved 1048576K
}
Event: 16.249 GC heap after
{Heap after GC invocations=8 (full 0):
 garbage-first heap   total 129024K, used 8979K [0x0000000082600000, 0x0000000100000000)
  region size 1024K, 2 young (2048K), 2 survivors (2048K)
 Metaspace       used 6936K, capacity 7237K, committed 7296K, reserved 1056768K
  class space    used 721K, capacity 870K, committed 896K, reserved 1048576K
}

