# JRE version: Java(TM) SE Runtime Environment (12.0.2+10) (build 12.0.2+10)
# Java VM: Java HotSpot(TM) 64-Bit Server VM (12.0.2+10, mixed mode, sharing, tiered, compressed oops, g1 gc, windows-amd64)
Heap:
 garbage-first heap   total 394240K, used 27083K [0x0000000082600000, 0x0000000100000000)
  region size 1024K, 10 young (10240K), 10 survivors (10240K)
 Metaspace       used 6238K, capacity 6516K, committed 6784K, reserved 1056768K
  class space    used 700K, capacity 838K, committed 896K, reserved 1048576K
GC Heap History (10 events):
Event: 1.802 GC heap after
{Heap after GC invocations=13 (full 0):
 garbage-first heap   total 295936K, used 27349K [0x0000000082600000, 0x0000000100000000)
  region size 1024K, 10 young (10240K), 10 survivors (10240K)
 Metaspace       used 6229K, capacity 6516K, committed 6784K, reserved 1056768K
  class space    used 700K, capacity 838K, committed 896K, reserved 1048576K
}
Event: 2.014 GC heap before
{Heap before GC invocations=13 (full 0):
 garbage-first heap   total 295936K, used 193237K [0x0000000082600000, 0x0000000100000000)
  region size 1024K, 173 young (177152K), 10 survivors (10240K)
 Metaspace       used 6229K, capacity 6516K, committed 6784K, reserved 1056768K
  class space    used 700K, capacity 838K, committed 896K, reserved 1048576K
}
Event: 2.017 GC heap after
{Heap after GC invocations=14 (full 0):
 garbage-first heap   total 295936K, used 27349K [0x0000000082600000, 0x0000000100000000)
  region size 1024K, 10 young (10240K), 10 survivors (10240K)
 Metaspace       used 6229K, capacity 6516K, committed 6784K, reserved 1056768K
  class space    used 700K, capacity 838K, committed 896K, reserved 1048576K
}
Event: 2.185 GC heap before
{Heap before GC invocations=14 (full 0):
 garbage-first heap   total 295936K, used 193237K [0x0000000082600000, 0x0000000100000000)
  region size 1024K, 173 young (177152K), 10 survivors (10240K)
 Metaspace       used 6229K, capacity 6516K, committed 6784K, reserved 1056768K
  class space    used 700K, capacity 838K, committed 896K, reserved 1048576K
}
Event: 2.188 GC heap after
{Heap after GC invocations=15 (full 0):
 garbage-first heap   total 295936K, used 27101K [0x0000000082600000, 0x0000000100000000)
  region size 1024K, 10 young (10240K), 10 survivors (10240K)
 Metaspace       used 6229K, capacity 6516K, committed 6784K, reserved 1056768K
  class space    used 700K, capacity 838K, committed 896K, reserved 1048576K
}
Event: 2.361 GC heap before
{Heap before GC invocations=15 (full 0):
 garbage-first heap   total 295936K, used 192989K [0x0000000082600000, 0x0000000100000000)
  region size 1024K, 173 young (177152K), 10 survivors (10240K)
 Metaspace       used 6236K, capacity 6516K, committed 6784K, reserved 1056768K
  class space    used 700K, capacity 838K, committed 896K, reserved 1048576K
}
Event: 2.363 GC heap after
{Heap after GC invocations=16 (full 0):
 garbage-first heap   total 295936K, used 23508K [0x0000000082600000, 0x0000000100000000)
  region size 1024K, 6 young (6144K), 6 survivors (6144K)
 Metaspace       used 6236K, capacity 6516K, committed 6784K, reserved 1056768K
  class space    used 700K, capacity 838K, committed 896K, reserved 1048576K
}
Event: 2.536 GC heap before
{Heap before GC invocations=16 (full 0):
 garbage-first heap   total 295936K, used 193492K [0x0000000082600000, 0x0000000100000000)
  region size 1024K, 173 young (177152K), 6 survivors (6144K)
 Metaspace       used 6237K, capacity 6516K, committed 6784K, reserved 1056768K
  class space    used 700K, capacity 838K, committed 896K, reserved 1048576K
}
Event: 2.540 GC heap after
{Heap after GC invocations=17 (full 0):
 garbage-first heap   total 295936K, used 26810K [0x0000000082600000, 0x0000000100000000)
  region size 1024K, 9 young (9216K), 9 survivors (9216K)
 Metaspace       used 6237K, capacity 6516K, committed 6784K, reserved 1056768K
  class space    used 700K, capacity 838K, committed 896K, reserved 1048576K
}
Event: 2.711 GC heap before
{Heap before GC invocations=17 (full 0):
 garbage-first heap   total 295936K, used 193722K [0x0000000082600000, 0x0000000100000000)
  region size 1024K, 173 young (177152K), 9 survivors (9216K)
 Metaspace       used 6238K, capacity 6516K, committed 6784K, reserved 1056768K
  class space    used 700K, capacity 838K, committed 896K, reserved 1048576K
}

